Determining if the pthread_create exist failed with the following output:
Change Dir: /home/sam/ros_world/PG_ws/build/CMakeFiles/CMakeTmp

Run Build Command:"/usr/bin/make" "cmTC_db186/fast"
/usr/bin/make -f CMakeFiles/cmTC_db186.dir/build.make CMakeFiles/cmTC_db186.dir/build
make[1]: Entering directory '/home/sam/ros_world/PG_ws/build/CMakeFiles/CMakeTmp'
Building C object CMakeFiles/cmTC_db186.dir/CheckSymbolExists.c.o
/usr/bin/cc    -o CMakeFiles/cmTC_db186.dir/CheckSymbolExists.c.o   -c /home/sam/ros_world/PG_ws/build/CMakeFiles/CMakeTmp/CheckSymbolExists.c
Linking C executable cmTC_db186
/usr/bin/cmake -E cmake_link_script CMakeFiles/cmTC_db186.dir/link.txt --verbose=1
/usr/bin/cc      -rdynamic CMakeFiles/cmTC_db186.dir/CheckSymbolExists.c.o  -o cmTC_db186 
CMakeFiles/cmTC_db186.dir/CheckSymbolExists.c.o: In function `main':
CheckSymbolExists.c:(.text+0x1b): undefined reference to `pthread_create'
collect2: error: ld returned 1 exit status
CMakeFiles/cmTC_db186.dir/build.make:97: recipe for target 'cmTC_db186' failed
make[1]: *** [cmTC_db186] Error 1
make[1]: Leaving directory '/home/sam/ros_world/PG_ws/build/CMakeFiles/CMakeTmp'
Makefile:126: recipe for target 'cmTC_db186/fast' failed
make: *** [cmTC_db186/fast] Error 2

File /home/sam/ros_world/PG_ws/build/CMakeFiles/CMakeTmp/CheckSymbolExists.c:
/* */
#include <pthread.h>

int main(int argc, char** argv)
{
  (void)argv;
#ifndef pthread_create
  return ((int*)(&pthread_create))[argc];
#else
  (void)argc;
  return 0;
#endif
}

Determining if the function pthread_create exists in the pthreads failed with the following output:
Change Dir: /home/sam/ros_world/PG_ws/build/CMakeFiles/CMakeTmp

Run Build Command:"/usr/bin/make" "cmTC_826b8/fast"
/usr/bin/make -f CMakeFiles/cmTC_826b8.dir/build.make CMakeFiles/cmTC_826b8.dir/build
make[1]: Entering directory '/home/sam/ros_world/PG_ws/build/CMakeFiles/CMakeTmp'
Building C object CMakeFiles/cmTC_826b8.dir/CheckFunctionExists.c.o
/usr/bin/cc   -DCHECK_FUNCTION_EXISTS=pthread_create   -o CMakeFiles/cmTC_826b8.dir/CheckFunctionExists.c.o   -c /usr/share/cmake-3.10/Modules/CheckFunctionExists.c
Linking C executable cmTC_826b8
/usr/bin/cmake -E cmake_link_script CMakeFiles/cmTC_826b8.dir/link.txt --verbose=1
/usr/bin/cc  -DCHECK_FUNCTION_EXISTS=pthread_create    -rdynamic CMakeFiles/cmTC_826b8.dir/CheckFunctionExists.c.o  -o cmTC_826b8 -lpthreads 
/usr/bin/ld: cannot find -lpthreads
collect2: error: ld returned 1 exit status
CMakeFiles/cmTC_826b8.dir/build.make:97: recipe for target 'cmTC_826b8' failed
make[1]: *** [cmTC_826b8] Error 1
make[1]: Leaving directory '/home/sam/ros_world/PG_ws/build/CMakeFiles/CMakeTmp'
Makefile:126: recipe for target 'cmTC_826b8/fast' failed
make: *** [cmTC_826b8/fast] Error 2


